
> playwright@1.0.0 api:smoke
> npm test api:smoke


> playwright@1.0.0 test
> node run.js api:smoke

AWS_BUCKET_NAME: doctor-octopus
Executing command: 'npx playwright test --project=api:smoke'

[2mRunning [22m5[2m tests using [22m1[2m worker[22m

  [32m✓[39m  [2m1 [22m[api:smoke] › test-example.spec.ts:4:3 › Dummy Test Suite › Google Test Pass[2m (621ms)[22m
  [31m✘[39m  [2m2 [22m[31m[api:smoke] › test-example.spec.ts:10:3 › Dummy Test Suite › Google Test Fail[39m[2m (446ms)[22m
  [31m✘[39m  [2m3 [22m[31m[api:smoke] › test-example.spec.ts:10:3 › Dummy Test Suite › Google Test Fail[39m[33m (retry #1)[39m[2m (563ms)[22m
  [31m✘[39m  [2m4 [22m[31m[api:smoke] › test-example.spec.ts:16:3 › Dummy Test Suite › Test Random 1[39m[2m (18ms)[22m
  [31m✘[39m  [2m5 [22m[31m[api:smoke] › test-example.spec.ts:16:3 › Dummy Test Suite › Test Random 1[39m[33m (retry #1)[39m[2m (7ms)[22m
  [31m✘[39m  [2m6 [22m[31m[api:smoke] › test-example.spec.ts:20:3 › Dummy Test Suite › Test Random 2[39m[2m (6ms)[22m
  [31m✘[39m  [2m7 [22m[31m[api:smoke] › test-example.spec.ts:20:3 › Dummy Test Suite › Test Random 2[39m[33m (retry #1)[39m[2m (6ms)[22m
  [32m-[39m  [2m8 [22m[36m[api:smoke] › test-example.spec.ts:24:8 › Dummy Test Suite › Skipped Test[39m


[31m  1) [api:smoke] › test-example.spec.ts:10:3 › Dummy Test Suite › Google Test Fail [2m─────────────────[22m[39m

    Error: [2mexpect([22m[31mreceived[39m[2m).[22mtoBe[2m([22m[32mexpected[39m[2m) // Object.is equality[22m

    Expected: [32m"[7mGoog[27mle"[39m
    Received: [31m"[7mApp[27mle"[39m

    [0m [90m 10 |[39m   test([32m"Google Test Fail"[39m[33m,[39m [36masync[39m ({ page }) [33m=>[39m {
     [90m 11 |[39m     [36mawait[39m page[33m.[39mgoto([32m"https://www.apple.com/"[39m)[33m;[39m
    [31m[1m>[22m[39m[90m 12 |[39m     expect([36mawait[39m page[33m.[39mtitle())[33m.[39mtoBe([32m"Google"[39m)[33m;[39m
     [90m    |[39m                                [31m[1m^[22m[39m
     [90m 13 |[39m   })[33m;[39m
     [90m 14 |[39m
     [90m 15 |[39m   [36mconst[39m numbers [33m=[39m [[35m1[39m[33m,[39m[35m2[39m[33m,[39m[35m3[39m][33m;[39m[0m

    [2m    at /Users/sahil/Dev/Projects/doctor-octopus/playwright/tests/test-example.spec.ts:12:32[22m

[90m    Retry #1 [2m───────────────────────────────────────────────────────────────────────────────────────[22m[39m

    Error: [2mexpect([22m[31mreceived[39m[2m).[22mtoBe[2m([22m[32mexpected[39m[2m) // Object.is equality[22m

    Expected: [32m"[7mGoog[27mle"[39m
    Received: [31m"[7mApp[27mle"[39m

    [0m [90m 10 |[39m   test([32m"Google Test Fail"[39m[33m,[39m [36masync[39m ({ page }) [33m=>[39m {
     [90m 11 |[39m     [36mawait[39m page[33m.[39mgoto([32m"https://www.apple.com/"[39m)[33m;[39m
    [31m[1m>[22m[39m[90m 12 |[39m     expect([36mawait[39m page[33m.[39mtitle())[33m.[39mtoBe([32m"Google"[39m)[33m;[39m
     [90m    |[39m                                [31m[1m^[22m[39m
     [90m 13 |[39m   })[33m;[39m
     [90m 14 |[39m
     [90m 15 |[39m   [36mconst[39m numbers [33m=[39m [[35m1[39m[33m,[39m[35m2[39m[33m,[39m[35m3[39m][33m;[39m[0m

    [2m    at /Users/sahil/Dev/Projects/doctor-octopus/playwright/tests/test-example.spec.ts:12:32[22m

[36m    attachment #1: trace (application/zip) [2m─────────────────────────────────────────────────────────[22m[39m
[36m    test-results/test-example-Dummy-Test-Suite-Google-Test-Fail-api-smoke-retry1/trace.zip[39m
[36m    Usage:[39m

[36m        npx playwright show-trace test-results/test-example-Dummy-Test-Suite-Google-Test-Fail-api-smoke-retry1/trace.zip[39m

[36m    [2m────────────────────────────────────────────────────────────────────────────────────────────────[22m[39m

[31m  2) [api:smoke] › test-example.spec.ts:16:3 › Dummy Test Suite › Test Random 1 [2m────────────────────[22m[39m

    Error: [2mexpect([22m[31mreceived[39m[2m).[22mtoBe[2m([22m[32mexpected[39m[2m) // Object.is equality[22m

    Expected: [32m1[39m
    Received: [31m2[39m

    [0m [90m 15 |[39m   [36mconst[39m numbers [33m=[39m [[35m1[39m[33m,[39m[35m2[39m[33m,[39m[35m3[39m][33m;[39m
     [90m 16 |[39m   test([32m"Test Random 1"[39m[33m,[39m [36masync[39m () [33m=>[39m {
    [31m[1m>[22m[39m[90m 17 |[39m     expect(numbers[[33mMath[39m[33m.[39mfloor([33mMath[39m[33m.[39mrandom() [33m*[39m numbers[33m.[39mlength)])[33m.[39mtoBe([35m1[39m)[33m;[39m
     [90m    |[39m                                                                 [31m[1m^[22m[39m
     [90m 18 |[39m   })
     [90m 19 |[39m
     [90m 20 |[39m   test([32m"Test Random 2"[39m[33m,[39m [36masync[39m () [33m=>[39m {[0m

    [2m    at /Users/sahil/Dev/Projects/doctor-octopus/playwright/tests/test-example.spec.ts:17:65[22m

[90m    Retry #1 [2m───────────────────────────────────────────────────────────────────────────────────────[22m[39m

    Error: [2mexpect([22m[31mreceived[39m[2m).[22mtoBe[2m([22m[32mexpected[39m[2m) // Object.is equality[22m

    Expected: [32m1[39m
    Received: [31m3[39m

    [0m [90m 15 |[39m   [36mconst[39m numbers [33m=[39m [[35m1[39m[33m,[39m[35m2[39m[33m,[39m[35m3[39m][33m;[39m
     [90m 16 |[39m   test([32m"Test Random 1"[39m[33m,[39m [36masync[39m () [33m=>[39m {
    [31m[1m>[22m[39m[90m 17 |[39m     expect(numbers[[33mMath[39m[33m.[39mfloor([33mMath[39m[33m.[39mrandom() [33m*[39m numbers[33m.[39mlength)])[33m.[39mtoBe([35m1[39m)[33m;[39m
     [90m    |[39m                                                                 [31m[1m^[22m[39m
     [90m 18 |[39m   })
     [90m 19 |[39m
     [90m 20 |[39m   test([32m"Test Random 2"[39m[33m,[39m [36masync[39m () [33m=>[39m {[0m

    [2m    at /Users/sahil/Dev/Projects/doctor-octopus/playwright/tests/test-example.spec.ts:17:65[22m

[36m    attachment #1: trace (application/zip) [2m─────────────────────────────────────────────────────────[22m[39m
[36m    test-results/test-example-Dummy-Test-Suite-Test-Random-1-api-smoke-retry1/trace.zip[39m
[36m    Usage:[39m

[36m        npx playwright show-trace test-results/test-example-Dummy-Test-Suite-Test-Random-1-api-smoke-retry1/trace.zip[39m

[36m    [2m────────────────────────────────────────────────────────────────────────────────────────────────[22m[39m

[31m  3) [api:smoke] › test-example.spec.ts:20:3 › Dummy Test Suite › Test Random 2 [2m────────────────────[22m[39m

    Error: [2mexpect([22m[31mreceived[39m[2m).[22mtoBe[2m([22m[32mexpected[39m[2m) // Object.is equality[22m

    Expected: [32m2[39m
    Received: [31m3[39m

    [0m [90m 19 |[39m
     [90m 20 |[39m   test([32m"Test Random 2"[39m[33m,[39m [36masync[39m () [33m=>[39m {
    [31m[1m>[22m[39m[90m 21 |[39m     expect(numbers[[33mMath[39m[33m.[39mfloor([33mMath[39m[33m.[39mrandom() [33m*[39m numbers[33m.[39mlength)])[33m.[39mtoBe([35m2[39m)[33m;[39m
     [90m    |[39m                                                                 [31m[1m^[22m[39m
     [90m 22 |[39m   })[33m;[39m
     [90m 23 |[39m
     [90m 24 |[39m   test[33m.[39mskip([32m"Skipped Test"[39m[33m,[39m [36masync[39m () [33m=>[39m {[0m

    [2m    at /Users/sahil/Dev/Projects/doctor-octopus/playwright/tests/test-example.spec.ts:21:65[22m

[90m    Retry #1 [2m───────────────────────────────────────────────────────────────────────────────────────[22m[39m

    Error: [2mexpect([22m[31mreceived[39m[2m).[22mtoBe[2m([22m[32mexpected[39m[2m) // Object.is equality[22m

    Expected: [32m2[39m
    Received: [31m1[39m

    [0m [90m 19 |[39m
     [90m 20 |[39m   test([32m"Test Random 2"[39m[33m,[39m [36masync[39m () [33m=>[39m {
    [31m[1m>[22m[39m[90m 21 |[39m     expect(numbers[[33mMath[39m[33m.[39mfloor([33mMath[39m[33m.[39mrandom() [33m*[39m numbers[33m.[39mlength)])[33m.[39mtoBe([35m2[39m)[33m;[39m
     [90m    |[39m                                                                 [31m[1m^[22m[39m
     [90m 22 |[39m   })[33m;[39m
     [90m 23 |[39m
     [90m 24 |[39m   test[33m.[39mskip([32m"Skipped Test"[39m[33m,[39m [36masync[39m () [33m=>[39m {[0m

    [2m    at /Users/sahil/Dev/Projects/doctor-octopus/playwright/tests/test-example.spec.ts:21:65[22m

[36m    attachment #1: trace (application/zip) [2m─────────────────────────────────────────────────────────[22m[39m
[36m    test-results/test-example-Dummy-Test-Suite-Test-Random-2-api-smoke-retry1/trace.zip[39m
[36m    Usage:[39m

[36m        npx playwright show-trace test-results/test-example-Dummy-Test-Suite-Test-Random-2-api-smoke-retry1/trace.zip[39m

[36m    [2m────────────────────────────────────────────────────────────────────────────────────────────────[22m[39m

[31m  3 failed[39m
[31m    [api:smoke] › test-example.spec.ts:10:3 › Dummy Test Suite › Google Test Fail [2m──────────────────[22m[39m
[31m    [api:smoke] › test-example.spec.ts:16:3 › Dummy Test Suite › Test Random 1 [2m─────────────────────[22m[39m
[31m    [api:smoke] › test-example.spec.ts:20:3 › Dummy Test Suite › Test Random 2 [2m─────────────────────[22m[39m
[33m  1 skipped[39m
[32m  1 passed[39m[2m (3.6s)[22m

To open last HTML report run:
[36m[39m
[36m  npx playwright show-report test_reports/2024-12-30-1-44-5[39m
[36m[39m
Script execution exited with code: 1
Script execution closed with code: 1
Uploading directory: './test_reports/2024-12-30-1-44-5' to S3 bucket doctor-octopus > bucket directory: trading-apps/test_reports/api/2024-12-30-1-44-5
Uploading directory: 'test_reports/2024-12-30-1-44-5/data' to S3 bucket doctor-octopus > bucket directory: trading-apps/test_reports/api/2024-12-30-1-44-5/data
Uploading directory: 'test_reports/2024-12-30-1-44-5/trace' to S3 bucket doctor-octopus > bucket directory: trading-apps/test_reports/api/2024-12-30-1-44-5/trace
Uploading directory: 'test_reports/2024-12-30-1-44-5/trace/assets' to S3 bucket doctor-octopus > bucket directory: trading-apps/test_reports/api/2024-12-30-1-44-5/trace/assets

> playwright@1.0.0 api:smoke
> npm test api:smoke


> playwright@1.0.0 test
> node run.js api:smoke

AWS_BUCKET_NAME: doctor-octopus
Executing command: 'npx playwright test --project=api:smoke'

[2mRunning [22m5[2m tests using [22m1[2m worker[22m

  [32m✓[39m  [2m1 [22m[api:smoke] › test-example.spec.ts:4:3 › Dummy Test Suite › Google Test Pass[2m (531ms)[22m
  [31m✘[39m  [2m2 [22m[31m[api:smoke] › test-example.spec.ts:10:3 › Dummy Test Suite › Google Test Fail[39m[2m (430ms)[22m
  [31m✘[39m  [2m3 [22m[31m[api:smoke] › test-example.spec.ts:10:3 › Dummy Test Suite › Google Test Fail[39m[33m (retry #1)[39m[2m (536ms)[22m
  [31m✘[39m  [2m4 [22m[31m[api:smoke] › test-example.spec.ts:16:3 › Dummy Test Suite › Test Random 1[39m[2m (5ms)[22m
  [31m✘[39m  [2m5 [22m[31m[api:smoke] › test-example.spec.ts:16:3 › Dummy Test Suite › Test Random 1[39m[33m (retry #1)[39m[2m (5ms)[22m
  [31m✘[39m  [2m6 [22m[31m[api:smoke] › test-example.spec.ts:20:3 › Dummy Test Suite › Test Random 2[39m[2m (5ms)[22m
  [32m✓[39m  [2m7 [22m[api:smoke] › test-example.spec.ts:20:3 › Dummy Test Suite › Test Random 2[33m (retry #1)[39m[2m (4ms)[22m
  [32m-[39m  [2m8 [22m[36m[api:smoke] › test-example.spec.ts:24:8 › Dummy Test Suite › Skipped Test[39m


[31m  1) [api:smoke] › test-example.spec.ts:10:3 › Dummy Test Suite › Google Test Fail [2m─────────────────[22m[39m

    Error: [2mexpect([22m[31mreceived[39m[2m).[22mtoBe[2m([22m[32mexpected[39m[2m) // Object.is equality[22m

    Expected: [32m"[7mGoog[27mle"[39m
    Received: [31m"[7mApp[27mle"[39m

    [0m [90m 10 |[39m   test([32m"Google Test Fail"[39m[33m,[39m [36masync[39m ({ page }) [33m=>[39m {
     [90m 11 |[39m     [36mawait[39m page[33m.[39mgoto([32m"https://www.apple.com/"[39m)[33m;[39m
    [31m[1m>[22m[39m[90m 12 |[39m     expect([36mawait[39m page[33m.[39mtitle())[33m.[39mtoBe([32m"Google"[39m)[33m;[39m
     [90m    |[39m                                [31m[1m^[22m[39m
     [90m 13 |[39m   })[33m;[39m
     [90m 14 |[39m
     [90m 15 |[39m   [36mconst[39m numbers [33m=[39m [[35m1[39m[33m,[39m[35m2[39m[33m,[39m[35m3[39m][33m;[39m[0m

    [2m    at /Users/sahil/Dev/Projects/doctor-octopus/playwright/tests/test-example.spec.ts:12:32[22m

[90m    Retry #1 [2m───────────────────────────────────────────────────────────────────────────────────────[22m[39m

    Error: [2mexpect([22m[31mreceived[39m[2m).[22mtoBe[2m([22m[32mexpected[39m[2m) // Object.is equality[22m

    Expected: [32m"[7mGoog[27mle"[39m
    Received: [31m"[7mApp[27mle"[39m

    [0m [90m 10 |[39m   test([32m"Google Test Fail"[39m[33m,[39m [36masync[39m ({ page }) [33m=>[39m {
     [90m 11 |[39m     [36mawait[39m page[33m.[39mgoto([32m"https://www.apple.com/"[39m)[33m;[39m
    [31m[1m>[22m[39m[90m 12 |[39m     expect([36mawait[39m page[33m.[39mtitle())[33m.[39mtoBe([32m"Google"[39m)[33m;[39m
     [90m    |[39m                                [31m[1m^[22m[39m
     [90m 13 |[39m   })[33m;[39m
     [90m 14 |[39m
     [90m 15 |[39m   [36mconst[39m numbers [33m=[39m [[35m1[39m[33m,[39m[35m2[39m[33m,[39m[35m3[39m][33m;[39m[0m

    [2m    at /Users/sahil/Dev/Projects/doctor-octopus/playwright/tests/test-example.spec.ts:12:32[22m

[36m    attachment #1: trace (application/zip) [2m─────────────────────────────────────────────────────────[22m[39m
[36m    test-results/test-example-Dummy-Test-Suite-Google-Test-Fail-api-smoke-retry1/trace.zip[39m
[36m    Usage:[39m

[36m        npx playwright show-trace test-results/test-example-Dummy-Test-Suite-Google-Test-Fail-api-smoke-retry1/trace.zip[39m

[36m    [2m────────────────────────────────────────────────────────────────────────────────────────────────[22m[39m

[31m  2) [api:smoke] › test-example.spec.ts:16:3 › Dummy Test Suite › Test Random 1 [2m────────────────────[22m[39m

    Error: [2mexpect([22m[31mreceived[39m[2m).[22mtoBe[2m([22m[32mexpected[39m[2m) // Object.is equality[22m

    Expected: [32m1[39m
    Received: [31m2[39m

    [0m [90m 15 |[39m   [36mconst[39m numbers [33m=[39m [[35m1[39m[33m,[39m[35m2[39m[33m,[39m[35m3[39m][33m;[39m
     [90m 16 |[39m   test([32m"Test Random 1"[39m[33m,[39m [36masync[39m () [33m=>[39m {
    [31m[1m>[22m[39m[90m 17 |[39m     expect(numbers[[33mMath[39m[33m.[39mfloor([33mMath[39m[33m.[39mrandom() [33m*[39m numbers[33m.[39mlength)])[33m.[39mtoBe([35m1[39m)[33m;[39m
     [90m    |[39m                                                                 [31m[1m^[22m[39m
     [90m 18 |[39m   })
     [90m 19 |[39m
     [90m 20 |[39m   test([32m"Test Random 2"[39m[33m,[39m [36masync[39m () [33m=>[39m {[0m

    [2m    at /Users/sahil/Dev/Projects/doctor-octopus/playwright/tests/test-example.spec.ts:17:65[22m

[90m    Retry #1 [2m───────────────────────────────────────────────────────────────────────────────────────[22m[39m

    Error: [2mexpect([22m[31mreceived[39m[2m).[22mtoBe[2m([22m[32mexpected[39m[2m) // Object.is equality[22m

    Expected: [32m1[39m
    Received: [31m3[39m

    [0m [90m 15 |[39m   [36mconst[39m numbers [33m=[39m [[35m1[39m[33m,[39m[35m2[39m[33m,[39m[35m3[39m][33m;[39m
     [90m 16 |[39m   test([32m"Test Random 1"[39m[33m,[39m [36masync[39m () [33m=>[39m {
    [31m[1m>[22m[39m[90m 17 |[39m     expect(numbers[[33mMath[39m[33m.[39mfloor([33mMath[39m[33m.[39mrandom() [33m*[39m numbers[33m.[39mlength)])[33m.[39mtoBe([35m1[39m)[33m;[39m
     [90m    |[39m                                                                 [31m[1m^[22m[39m
     [90m 18 |[39m   })
     [90m 19 |[39m
     [90m 20 |[39m   test([32m"Test Random 2"[39m[33m,[39m [36masync[39m () [33m=>[39m {[0m

    [2m    at /Users/sahil/Dev/Projects/doctor-octopus/playwright/tests/test-example.spec.ts:17:65[22m

[36m    attachment #1: trace (application/zip) [2m─────────────────────────────────────────────────────────[22m[39m
[36m    test-results/test-example-Dummy-Test-Suite-Test-Random-1-api-smoke-retry1/trace.zip[39m
[36m    Usage:[39m

[36m        npx playwright show-trace test-results/test-example-Dummy-Test-Suite-Test-Random-1-api-smoke-retry1/trace.zip[39m

[36m    [2m────────────────────────────────────────────────────────────────────────────────────────────────[22m[39m

[31m  3) [api:smoke] › test-example.spec.ts:20:3 › Dummy Test Suite › Test Random 2 [2m────────────────────[22m[39m

    Error: [2mexpect([22m[31mreceived[39m[2m).[22mtoBe[2m([22m[32mexpected[39m[2m) // Object.is equality[22m

    Expected: [32m2[39m
    Received: [31m1[39m

    [0m [90m 19 |[39m
     [90m 20 |[39m   test([32m"Test Random 2"[39m[33m,[39m [36masync[39m () [33m=>[39m {
    [31m[1m>[22m[39m[90m 21 |[39m     expect(numbers[[33mMath[39m[33m.[39mfloor([33mMath[39m[33m.[39mrandom() [33m*[39m numbers[33m.[39mlength)])[33m.[39mtoBe([35m2[39m)[33m;[39m
     [90m    |[39m                                                                 [31m[1m^[22m[39m
     [90m 22 |[39m   })[33m;[39m
     [90m 23 |[39m
     [90m 24 |[39m   test[33m.[39mskip([32m"Skipped Test"[39m[33m,[39m [36masync[39m () [33m=>[39m {[0m

    [2m    at /Users/sahil/Dev/Projects/doctor-octopus/playwright/tests/test-example.spec.ts:21:65[22m

[31m  2 failed[39m
[31m    [api:smoke] › test-example.spec.ts:10:3 › Dummy Test Suite › Google Test Fail [2m──────────────────[22m[39m
[31m    [api:smoke] › test-example.spec.ts:16:3 › Dummy Test Suite › Test Random 1 [2m─────────────────────[22m[39m
[33m  1 flaky[39m
[33m    [api:smoke] › test-example.spec.ts:20:3 › Dummy Test Suite › Test Random 2 [2m─────────────────────[22m[39m
[33m  1 skipped[39m
[32m  1 passed[39m[2m (3.1s)[22m

To open last HTML report run:
[36m[39m
[36m  npx playwright show-report test_reports/2024-12-30-1-46-30[39m
[36m[39m
Script execution exited with code: 1
Script execution closed with code: 1
Uploading directory: './test_reports/2024-12-30-1-46-30' to S3 bucket doctor-octopus > bucket directory: trading-apps/test_reports/api/2024-12-30-1-46-30
Uploading directory: 'test_reports/2024-12-30-1-46-30/data' to S3 bucket doctor-octopus > bucket directory: trading-apps/test_reports/api/2024-12-30-1-46-30/data
Uploading directory: 'test_reports/2024-12-30-1-46-30/trace' to S3 bucket doctor-octopus > bucket directory: trading-apps/test_reports/api/2024-12-30-1-46-30/trace
Uploading directory: 'test_reports/2024-12-30-1-46-30/trace/assets' to S3 bucket doctor-octopus > bucket directory: trading-apps/test_reports/api/2024-12-30-1-46-30/trace/assets

> playwright@1.0.0 api:smoke
> npm test api:smoke


> playwright@1.0.0 test
> node run.js api:smoke

AWS_BUCKET_NAME: doctor-octopus
Executing command: 'npx playwright test --project=api:smoke'

[2mRunning [22m5[2m tests using [22m1[2m worker[22m

  [32m✓[39m  [2m1 [22m[api:smoke] › test-example.spec.ts:4:3 › Dummy Test Suite › Google Test Pass[2m (605ms)[22m
  [31m✘[39m  [2m2 [22m[31m[api:smoke] › test-example.spec.ts:10:3 › Dummy Test Suite › Google Test Fail[39m[2m (572ms)[22m
  [31m✘[39m  [2m3 [22m[31m[api:smoke] › test-example.spec.ts:10:3 › Dummy Test Suite › Google Test Fail[39m[33m (retry #1)[39m[2m (570ms)[22m
  [32m✓[39m  [2m4 [22m[api:smoke] › test-example.spec.ts:16:3 › Dummy Test Suite › Test Random 1[2m (5ms)[22m
  [31m✘[39m  [2m5 [22m[31m[api:smoke] › test-example.spec.ts:20:3 › Dummy Test Suite › Test Random 2[39m[2m (2ms)[22m
  [31m✘[39m  [2m6 [22m[31m[api:smoke] › test-example.spec.ts:20:3 › Dummy Test Suite › Test Random 2[39m[33m (retry #1)[39m[2m (6ms)[22m
  [32m-[39m  [2m7 [22m[36m[api:smoke] › test-example.spec.ts:24:8 › Dummy Test Suite › Skipped Test[39m


[31m  1) [api:smoke] › test-example.spec.ts:10:3 › Dummy Test Suite › Google Test Fail [2m─────────────────[22m[39m

    Error: [2mexpect([22m[31mreceived[39m[2m).[22mtoBe[2m([22m[32mexpected[39m[2m) // Object.is equality[22m

    Expected: [32m"[7mGoog[27mle"[39m
    Received: [31m"[7mApp[27mle"[39m

    [0m [90m 10 |[39m   test([32m"Google Test Fail"[39m[33m,[39m [36masync[39m ({ page }) [33m=>[39m {
     [90m 11 |[39m     [36mawait[39m page[33m.[39mgoto([32m"https://www.apple.com/"[39m)[33m;[39m
    [31m[1m>[22m[39m[90m 12 |[39m     expect([36mawait[39m page[33m.[39mtitle())[33m.[39mtoBe([32m"Google"[39m)[33m;[39m
     [90m    |[39m                                [31m[1m^[22m[39m
     [90m 13 |[39m   })[33m;[39m
     [90m 14 |[39m
     [90m 15 |[39m   [36mconst[39m numbers [33m=[39m [[35m1[39m[33m,[39m[35m2[39m[33m,[39m[35m3[39m][33m;[39m[0m

    [2m    at /Users/sahil/Dev/Projects/doctor-octopus/playwright/tests/test-example.spec.ts:12:32[22m

[90m    Retry #1 [2m───────────────────────────────────────────────────────────────────────────────────────[22m[39m

    Error: [2mexpect([22m[31mreceived[39m[2m).[22mtoBe[2m([22m[32mexpected[39m[2m) // Object.is equality[22m

    Expected: [32m"[7mGoog[27mle"[39m
    Received: [31m"[7mApp[27mle"[39m

    [0m [90m 10 |[39m   test([32m"Google Test Fail"[39m[33m,[39m [36masync[39m ({ page }) [33m=>[39m {
     [90m 11 |[39m     [36mawait[39m page[33m.[39mgoto([32m"https://www.apple.com/"[39m)[33m;[39m
    [31m[1m>[22m[39m[90m 12 |[39m     expect([36mawait[39m page[33m.[39mtitle())[33m.[39mtoBe([32m"Google"[39m)[33m;[39m
     [90m    |[39m                                [31m[1m^[22m[39m
     [90m 13 |[39m   })[33m;[39m
     [90m 14 |[39m
     [90m 15 |[39m   [36mconst[39m numbers [33m=[39m [[35m1[39m[33m,[39m[35m2[39m[33m,[39m[35m3[39m][33m;[39m[0m

    [2m    at /Users/sahil/Dev/Projects/doctor-octopus/playwright/tests/test-example.spec.ts:12:32[22m

[36m    attachment #1: trace (application/zip) [2m─────────────────────────────────────────────────────────[22m[39m
[36m    test-results/test-example-Dummy-Test-Suite-Google-Test-Fail-api-smoke-retry1/trace.zip[39m
[36m    Usage:[39m

[36m        npx playwright show-trace test-results/test-example-Dummy-Test-Suite-Google-Test-Fail-api-smoke-retry1/trace.zip[39m

[36m    [2m────────────────────────────────────────────────────────────────────────────────────────────────[22m[39m

[31m  2) [api:smoke] › test-example.spec.ts:20:3 › Dummy Test Suite › Test Random 2 [2m────────────────────[22m[39m

    Error: [2mexpect([22m[31mreceived[39m[2m).[22mtoBe[2m([22m[32mexpected[39m[2m) // Object.is equality[22m

    Expected: [32m2[39m
    Received: [31m1[39m

    [0m [90m 19 |[39m
     [90m 20 |[39m   test([32m"Test Random 2"[39m[33m,[39m [36masync[39m () [33m=>[39m {
    [31m[1m>[22m[39m[90m 21 |[39m     expect(numbers[[33mMath[39m[33m.[39mfloor([33mMath[39m[33m.[39mrandom() [33m*[39m numbers[33m.[39mlength)])[33m.[39mtoBe([35m2[39m)[33m;[39m
     [90m    |[39m                                                                 [31m[1m^[22m[39m
     [90m 22 |[39m   })[33m;[39m
     [90m 23 |[39m
     [90m 24 |[39m   test[33m.[39mskip([32m"Skipped Test"[39m[33m,[39m [36masync[39m () [33m=>[39m {[0m

    [2m    at /Users/sahil/Dev/Projects/doctor-octopus/playwright/tests/test-example.spec.ts:21:65[22m

[90m    Retry #1 [2m───────────────────────────────────────────────────────────────────────────────────────[22m[39m

    Error: [2mexpect([22m[31mreceived[39m[2m).[22mtoBe[2m([22m[32mexpected[39m[2m) // Object.is equality[22m

    Expected: [32m2[39m
    Received: [31m3[39m

    [0m [90m 19 |[39m
     [90m 20 |[39m   test([32m"Test Random 2"[39m[33m,[39m [36masync[39m () [33m=>[39m {
    [31m[1m>[22m[39m[90m 21 |[39m     expect(numbers[[33mMath[39m[33m.[39mfloor([33mMath[39m[33m.[39mrandom() [33m*[39m numbers[33m.[39mlength)])[33m.[39mtoBe([35m2[39m)[33m;[39m
     [90m    |[39m                                                                 [31m[1m^[22m[39m
     [90m 22 |[39m   })[33m;[39m
     [90m 23 |[39m
     [90m 24 |[39m   test[33m.[39mskip([32m"Skipped Test"[39m[33m,[39m [36masync[39m () [33m=>[39m {[0m

    [2m    at /Users/sahil/Dev/Projects/doctor-octopus/playwright/tests/test-example.spec.ts:21:65[22m

[36m    attachment #1: trace (application/zip) [2m─────────────────────────────────────────────────────────[22m[39m
[36m    test-results/test-example-Dummy-Test-Suite-Test-Random-2-api-smoke-retry1/trace.zip[39m
[36m    Usage:[39m

[36m        npx playwright show-trace test-results/test-example-Dummy-Test-Suite-Test-Random-2-api-smoke-retry1/trace.zip[39m

[36m    [2m────────────────────────────────────────────────────────────────────────────────────────────────[22m[39m

[31m  2 failed[39m
[31m    [api:smoke] › test-example.spec.ts:10:3 › Dummy Test Suite › Google Test Fail [2m──────────────────[22m[39m
[31m    [api:smoke] › test-example.spec.ts:20:3 › Dummy Test Suite › Test Random 2 [2m─────────────────────[22m[39m
[33m  1 skipped[39m
[32m  2 passed[39m[2m (3.2s)[22m

To open last HTML report run:
[36m[39m
[36m  npx playwright show-report test_reports/2024-12-30-1-48-43[39m
[36m[39m
Script execution exited with code: 1
Script execution closed with code: 1
Uploading directory: './test_reports/2024-12-30-1-48-43' to S3 bucket doctor-octopus > bucket directory: trading-apps/test_reports/api/2024-12-30-1-48-43
Uploading directory: 'test_reports/2024-12-30-1-48-43/data' to S3 bucket doctor-octopus > bucket directory: trading-apps/test_reports/api/2024-12-30-1-48-43/data
Uploading directory: 'test_reports/2024-12-30-1-48-43/trace' to S3 bucket doctor-octopus > bucket directory: trading-apps/test_reports/api/2024-12-30-1-48-43/trace
Uploading directory: 'test_reports/2024-12-30-1-48-43/trace/assets' to S3 bucket doctor-octopus > bucket directory: trading-apps/test_reports/api/2024-12-30-1-48-43/trace/assets

> playwright@1.0.0 api:smoke
> npm test api:smoke


> playwright@1.0.0 test
> node run.js api:smoke

AWS_BUCKET_NAME: doctor-octopus
Executing command: 'npx playwright test --project=api:smoke'

[2mRunning [22m5[2m tests using [22m1[2m worker[22m

  [32m✓[39m  [2m1 [22m[api:smoke] › test-example.spec.ts:4:3 › Dummy Test Suite › Google Test Pass[2m (558ms)[22m
  [31m✘[39m  [2m2 [22m[31m[api:smoke] › test-example.spec.ts:10:3 › Dummy Test Suite › Google Test Fail[39m[2m (451ms)[22m
  [31m✘[39m  [2m3 [22m[31m[api:smoke] › test-example.spec.ts:10:3 › Dummy Test Suite › Google Test Fail[39m[33m (retry #1)[39m[2m (592ms)[22m
  [31m✘[39m  [2m4 [22m[31m[api:smoke] › test-example.spec.ts:16:3 › Dummy Test Suite › Test Random 1[39m[2m (6ms)[22m
  [32m✓[39m  [2m5 [22m[api:smoke] › test-example.spec.ts:16:3 › Dummy Test Suite › Test Random 1[33m (retry #1)[39m[2m (5ms)[22m
  [31m✘[39m  [2m6 [22m[31m[api:smoke] › test-example.spec.ts:20:3 › Dummy Test Suite › Test Random 2[39m[2m (2ms)[22m
  [32m✓[39m  [2m7 [22m[api:smoke] › test-example.spec.ts:20:3 › Dummy Test Suite › Test Random 2[33m (retry #1)[39m[2m (5ms)[22m
  [32m-[39m  [2m8 [22m[36m[api:smoke] › test-example.spec.ts:24:8 › Dummy Test Suite › Skipped Test[39m


[31m  1) [api:smoke] › test-example.spec.ts:10:3 › Dummy Test Suite › Google Test Fail [2m─────────────────[22m[39m

    Error: [2mexpect([22m[31mreceived[39m[2m).[22mtoBe[2m([22m[32mexpected[39m[2m) // Object.is equality[22m

    Expected: [32m"[7mGoog[27mle"[39m
    Received: [31m"[7mApp[27mle"[39m

    [0m [90m 10 |[39m   test([32m"Google Test Fail"[39m[33m,[39m [36masync[39m ({ page }) [33m=>[39m {
     [90m 11 |[39m     [36mawait[39m page[33m.[39mgoto([32m"https://www.apple.com/"[39m)[33m;[39m
    [31m[1m>[22m[39m[90m 12 |[39m     expect([36mawait[39m page[33m.[39mtitle())[33m.[39mtoBe([32m"Google"[39m)[33m;[39m
     [90m    |[39m                                [31m[1m^[22m[39m
     [90m 13 |[39m   })[33m;[39m
     [90m 14 |[39m
     [90m 15 |[39m   [36mconst[39m numbers [33m=[39m [[35m1[39m[33m,[39m[35m2[39m[33m,[39m[35m3[39m][33m;[39m[0m

    [2m    at /Users/sahil/Dev/Projects/doctor-octopus/playwright/tests/test-example.spec.ts:12:32[22m

[90m    Retry #1 [2m───────────────────────────────────────────────────────────────────────────────────────[22m[39m

    Error: [2mexpect([22m[31mreceived[39m[2m).[22mtoBe[2m([22m[32mexpected[39m[2m) // Object.is equality[22m

    Expected: [32m"[7mGoog[27mle"[39m
    Received: [31m"[7mApp[27mle"[39m

    [0m [90m 10 |[39m   test([32m"Google Test Fail"[39m[33m,[39m [36masync[39m ({ page }) [33m=>[39m {
     [90m 11 |[39m     [36mawait[39m page[33m.[39mgoto([32m"https://www.apple.com/"[39m)[33m;[39m
    [31m[1m>[22m[39m[90m 12 |[39m     expect([36mawait[39m page[33m.[39mtitle())[33m.[39mtoBe([32m"Google"[39m)[33m;[39m
     [90m    |[39m                                [31m[1m^[22m[39m
     [90m 13 |[39m   })[33m;[39m
     [90m 14 |[39m
     [90m 15 |[39m   [36mconst[39m numbers [33m=[39m [[35m1[39m[33m,[39m[35m2[39m[33m,[39m[35m3[39m][33m;[39m[0m

    [2m    at /Users/sahil/Dev/Projects/doctor-octopus/playwright/tests/test-example.spec.ts:12:32[22m

[36m    attachment #1: trace (application/zip) [2m─────────────────────────────────────────────────────────[22m[39m
[36m    test-results/test-example-Dummy-Test-Suite-Google-Test-Fail-api-smoke-retry1/trace.zip[39m
[36m    Usage:[39m

[36m        npx playwright show-trace test-results/test-example-Dummy-Test-Suite-Google-Test-Fail-api-smoke-retry1/trace.zip[39m

[36m    [2m────────────────────────────────────────────────────────────────────────────────────────────────[22m[39m

[31m  2) [api:smoke] › test-example.spec.ts:16:3 › Dummy Test Suite › Test Random 1 [2m────────────────────[22m[39m

    Error: [2mexpect([22m[31mreceived[39m[2m).[22mtoBe[2m([22m[32mexpected[39m[2m) // Object.is equality[22m

    Expected: [32m1[39m
    Received: [31m3[39m

    [0m [90m 15 |[39m   [36mconst[39m numbers [33m=[39m [[35m1[39m[33m,[39m[35m2[39m[33m,[39m[35m3[39m][33m;[39m
     [90m 16 |[39m   test([32m"Test Random 1"[39m[33m,[39m [36masync[39m () [33m=>[39m {
    [31m[1m>[22m[39m[90m 17 |[39m     expect(numbers[[33mMath[39m[33m.[39mfloor([33mMath[39m[33m.[39mrandom() [33m*[39m numbers[33m.[39mlength)])[33m.[39mtoBe([35m1[39m)[33m;[39m
     [90m    |[39m                                                                 [31m[1m^[22m[39m
     [90m 18 |[39m   })
     [90m 19 |[39m
     [90m 20 |[39m   test([32m"Test Random 2"[39m[33m,[39m [36masync[39m () [33m=>[39m {[0m

    [2m    at /Users/sahil/Dev/Projects/doctor-octopus/playwright/tests/test-example.spec.ts:17:65[22m

[31m  3) [api:smoke] › test-example.spec.ts:20:3 › Dummy Test Suite › Test Random 2 [2m────────────────────[22m[39m

    Error: [2mexpect([22m[31mreceived[39m[2m).[22mtoBe[2m([22m[32mexpected[39m[2m) // Object.is equality[22m

    Expected: [32m2[39m
    Received: [31m1[39m

    [0m [90m 19 |[39m
     [90m 20 |[39m   test([32m"Test Random 2"[39m[33m,[39m [36masync[39m () [33m=>[39m {
    [31m[1m>[22m[39m[90m 21 |[39m     expect(numbers[[33mMath[39m[33m.[39mfloor([33mMath[39m[33m.[39mrandom() [33m*[39m numbers[33m.[39mlength)])[33m.[39mtoBe([35m2[39m)[33m;[39m
     [90m    |[39m                                                                 [31m[1m^[22m[39m
     [90m 22 |[39m   })[33m;[39m
     [90m 23 |[39m
     [90m 24 |[39m   test[33m.[39mskip([32m"Skipped Test"[39m[33m,[39m [36masync[39m () [33m=>[39m {[0m

    [2m    at /Users/sahil/Dev/Projects/doctor-octopus/playwright/tests/test-example.spec.ts:21:65[22m

[31m  1 failed[39m
[31m    [api:smoke] › test-example.spec.ts:10:3 › Dummy Test Suite › Google Test Fail [2m──────────────────[22m[39m
[33m  2 flaky[39m
[33m    [api:smoke] › test-example.spec.ts:16:3 › Dummy Test Suite › Test Random 1 [2m─────────────────────[22m[39m
[33m    [api:smoke] › test-example.spec.ts:20:3 › Dummy Test Suite › Test Random 2 [2m─────────────────────[22m[39m
[33m  1 skipped[39m
[32m  1 passed[39m[2m (3.4s)[22m

To open last HTML report run:
[36m[39m
[36m  npx playwright show-report test_reports/2024-12-30-1-49-56[39m
[36m[39m
Script execution exited with code: 1
Script execution closed with code: 1
Uploading directory: './test_reports/2024-12-30-1-49-56' to S3 bucket doctor-octopus > bucket directory: trading-apps/test_reports/api/2024-12-30-1-49-56
Uploading directory: 'test_reports/2024-12-30-1-49-56/data' to S3 bucket doctor-octopus > bucket directory: trading-apps/test_reports/api/2024-12-30-1-49-56/data
Uploading directory: 'test_reports/2024-12-30-1-49-56/trace' to S3 bucket doctor-octopus > bucket directory: trading-apps/test_reports/api/2024-12-30-1-49-56/trace
Uploading directory: 'test_reports/2024-12-30-1-49-56/trace/assets' to S3 bucket doctor-octopus > bucket directory: trading-apps/test_reports/api/2024-12-30-1-49-56/trace/assets

> playwright@1.0.0 api:smoke
> npm test api:smoke


> playwright@1.0.0 test
> node run.js api:smoke

AWS_BUCKET_NAME: doctor-octopus
Executing command: 'npx playwright test --project=api:smoke'

[2mRunning [22m5[2m tests using [22m1[2m worker[22m

  [32m✓[39m  [2m1 [22m[api:smoke] › test-example.spec.ts:4:3 › Dummy Test Suite › Google Test Pass[2m (1.8s)[22m
  [31m✘[39m  [2m2 [22m[31m[api:smoke] › test-example.spec.ts:10:3 › Dummy Test Suite › Google Test Fail[39m[2m (461ms)[22m
  [31m✘[39m  [2m3 [22m[31m[api:smoke] › test-example.spec.ts:10:3 › Dummy Test Suite › Google Test Fail[39m[33m (retry #1)[39m[2m (555ms)[22m
  [31m✘[39m  [2m4 [22m[31m[api:smoke] › test-example.spec.ts:16:3 › Dummy Test Suite › Test Random 1[39m[2m (5ms)[22m
  [31m✘[39m  [2m5 [22m[31m[api:smoke] › test-example.spec.ts:16:3 › Dummy Test Suite › Test Random 1[39m[33m (retry #1)[39m[2m (5ms)[22m
  [31m✘[39m  [2m6 [22m[31m[api:smoke] › test-example.spec.ts:20:3 › Dummy Test Suite › Test Random 2[39m[2m (5ms)[22m
  [31m✘[39m  [2m7 [22m[31m[api:smoke] › test-example.spec.ts:20:3 › Dummy Test Suite › Test Random 2[39m[33m (retry #1)[39m[2m (5ms)[22m
  [32m-[39m  [2m8 [22m[36m[api:smoke] › test-example.spec.ts:24:8 › Dummy Test Suite › Skipped Test[39m


[31m  1) [api:smoke] › test-example.spec.ts:10:3 › Dummy Test Suite › Google Test Fail [2m─────────────────[22m[39m

    Error: [2mexpect([22m[31mreceived[39m[2m).[22mtoBe[2m([22m[32mexpected[39m[2m) // Object.is equality[22m

    Expected: [32m"[7mGoog[27mle"[39m
    Received: [31m"[7mApp[27mle"[39m

    [0m [90m 10 |[39m   test([32m"Google Test Fail"[39m[33m,[39m [36masync[39m ({ page }) [33m=>[39m {
     [90m 11 |[39m     [36mawait[39m page[33m.[39mgoto([32m"https://www.apple.com/"[39m)[33m;[39m
    [31m[1m>[22m[39m[90m 12 |[39m     expect([36mawait[39m page[33m.[39mtitle())[33m.[39mtoBe([32m"Google"[39m)[33m;[39m
     [90m    |[39m                                [31m[1m^[22m[39m
     [90m 13 |[39m   })[33m;[39m
     [90m 14 |[39m
     [90m 15 |[39m   [36mconst[39m numbers [33m=[39m [[35m1[39m[33m,[39m[35m2[39m[33m,[39m[35m3[39m][33m;[39m[0m

    [2m    at /Users/sahil/Dev/Projects/doctor-octopus/playwright/tests/test-example.spec.ts:12:32[22m

[90m    Retry #1 [2m───────────────────────────────────────────────────────────────────────────────────────[22m[39m

    Error: [2mexpect([22m[31mreceived[39m[2m).[22mtoBe[2m([22m[32mexpected[39m[2m) // Object.is equality[22m

    Expected: [32m"[7mGoog[27mle"[39m
    Received: [31m"[7mApp[27mle"[39m

    [0m [90m 10 |[39m   test([32m"Google Test Fail"[39m[33m,[39m [36masync[39m ({ page }) [33m=>[39m {
     [90m 11 |[39m     [36mawait[39m page[33m.[39mgoto([32m"https://www.apple.com/"[39m)[33m;[39m
    [31m[1m>[22m[39m[90m 12 |[39m     expect([36mawait[39m page[33m.[39mtitle())[33m.[39mtoBe([32m"Google"[39m)[33m;[39m
     [90m    |[39m                                [31m[1m^[22m[39m
     [90m 13 |[39m   })[33m;[39m
     [90m 14 |[39m
     [90m 15 |[39m   [36mconst[39m numbers [33m=[39m [[35m1[39m[33m,[39m[35m2[39m[33m,[39m[35m3[39m][33m;[39m[0m

    [2m    at /Users/sahil/Dev/Projects/doctor-octopus/playwright/tests/test-example.spec.ts:12:32[22m

[36m    attachment #1: trace (application/zip) [2m─────────────────────────────────────────────────────────[22m[39m
[36m    test-results/test-example-Dummy-Test-Suite-Google-Test-Fail-api-smoke-retry1/trace.zip[39m
[36m    Usage:[39m

[36m        npx playwright show-trace test-results/test-example-Dummy-Test-Suite-Google-Test-Fail-api-smoke-retry1/trace.zip[39m

[36m    [2m────────────────────────────────────────────────────────────────────────────────────────────────[22m[39m

[31m  2) [api:smoke] › test-example.spec.ts:16:3 › Dummy Test Suite › Test Random 1 [2m────────────────────[22m[39m

    Error: [2mexpect([22m[31mreceived[39m[2m).[22mtoBe[2m([22m[32mexpected[39m[2m) // Object.is equality[22m

    Expected: [32m1[39m
    Received: [31m2[39m

    [0m [90m 15 |[39m   [36mconst[39m numbers [33m=[39m [[35m1[39m[33m,[39m[35m2[39m[33m,[39m[35m3[39m][33m;[39m
     [90m 16 |[39m   test([32m"Test Random 1"[39m[33m,[39m [36masync[39m () [33m=>[39m {
    [31m[1m>[22m[39m[90m 17 |[39m     expect(numbers[[33mMath[39m[33m.[39mfloor([33mMath[39m[33m.[39mrandom() [33m*[39m numbers[33m.[39mlength)])[33m.[39mtoBe([35m1[39m)[33m;[39m
     [90m    |[39m                                                                 [31m[1m^[22m[39m
     [90m 18 |[39m   })
     [90m 19 |[39m
     [90m 20 |[39m   test([32m"Test Random 2"[39m[33m,[39m [36masync[39m () [33m=>[39m {[0m

    [2m    at /Users/sahil/Dev/Projects/doctor-octopus/playwright/tests/test-example.spec.ts:17:65[22m

[90m    Retry #1 [2m───────────────────────────────────────────────────────────────────────────────────────[22m[39m

    Error: [2mexpect([22m[31mreceived[39m[2m).[22mtoBe[2m([22m[32mexpected[39m[2m) // Object.is equality[22m

    Expected: [32m1[39m
    Received: [31m2[39m

    [0m [90m 15 |[39m   [36mconst[39m numbers [33m=[39m [[35m1[39m[33m,[39m[35m2[39m[33m,[39m[35m3[39m][33m;[39m
     [90m 16 |[39m   test([32m"Test Random 1"[39m[33m,[39m [36masync[39m () [33m=>[39m {
    [31m[1m>[22m[39m[90m 17 |[39m     expect(numbers[[33mMath[39m[33m.[39mfloor([33mMath[39m[33m.[39mrandom() [33m*[39m numbers[33m.[39mlength)])[33m.[39mtoBe([35m1[39m)[33m;[39m
     [90m    |[39m                                                                 [31m[1m^[22m[39m
     [90m 18 |[39m   })
     [90m 19 |[39m
     [90m 20 |[39m   test([32m"Test Random 2"[39m[33m,[39m [36masync[39m () [33m=>[39m {[0m

    [2m    at /Users/sahil/Dev/Projects/doctor-octopus/playwright/tests/test-example.spec.ts:17:65[22m

[36m    attachment #1: trace (application/zip) [2m─────────────────────────────────────────────────────────[22m[39m
[36m    test-results/test-example-Dummy-Test-Suite-Test-Random-1-api-smoke-retry1/trace.zip[39m
[36m    Usage:[39m

[36m        npx playwright show-trace test-results/test-example-Dummy-Test-Suite-Test-Random-1-api-smoke-retry1/trace.zip[39m

[36m    [2m────────────────────────────────────────────────────────────────────────────────────────────────[22m[39m

[31m  3) [api:smoke] › test-example.spec.ts:20:3 › Dummy Test Suite › Test Random 2 [2m────────────────────[22m[39m

    Error: [2mexpect([22m[31mreceived[39m[2m).[22mtoBe[2m([22m[32mexpected[39m[2m) // Object.is equality[22m

    Expected: [32m2[39m
    Received: [31m3[39m

    [0m [90m 19 |[39m
     [90m 20 |[39m   test([32m"Test Random 2"[39m[33m,[39m [36masync[39m () [33m=>[39m {
    [31m[1m>[22m[39m[90m 21 |[39m     expect(numbers[[33mMath[39m[33m.[39mfloor([33mMath[39m[33m.[39mrandom() [33m*[39m numbers[33m.[39mlength)])[33m.[39mtoBe([35m2[39m)[33m;[39m
     [90m    |[39m                                                                 [31m[1m^[22m[39m
     [90m 22 |[39m   })[33m;[39m
     [90m 23 |[39m
     [90m 24 |[39m   test[33m.[39mskip([32m"Skipped Test"[39m[33m,[39m [36masync[39m () [33m=>[39m {[0m

    [2m    at /Users/sahil/Dev/Projects/doctor-octopus/playwright/tests/test-example.spec.ts:21:65[22m

[90m    Retry #1 [2m───────────────────────────────────────────────────────────────────────────────────────[22m[39m

    Error: [2mexpect([22m[31mreceived[39m[2m).[22mtoBe[2m([22m[32mexpected[39m[2m) // Object.is equality[22m

    Expected: [32m2[39m
    Received: [31m3[39m

    [0m [90m 19 |[39m
     [90m 20 |[39m   test([32m"Test Random 2"[39m[33m,[39m [36masync[39m () [33m=>[39m {
    [31m[1m>[22m[39m[90m 21 |[39m     expect(numbers[[33mMath[39m[33m.[39mfloor([33mMath[39m[33m.[39mrandom() [33m*[39m numbers[33m.[39mlength)])[33m.[39mtoBe([35m2[39m)[33m;[39m
     [90m    |[39m                                                                 [31m[1m^[22m[39m
     [90m 22 |[39m   })[33m;[39m
     [90m 23 |[39m
     [90m 24 |[39m   test[33m.[39mskip([32m"Skipped Test"[39m[33m,[39m [36masync[39m () [33m=>[39m {[0m

    [2m    at /Users/sahil/Dev/Projects/doctor-octopus/playwright/tests/test-example.spec.ts:21:65[22m

[36m    attachment #1: trace (application/zip) [2m─────────────────────────────────────────────────────────[22m[39m
[36m    test-results/test-example-Dummy-Test-Suite-Test-Random-2-api-smoke-retry1/trace.zip[39m
[36m    Usage:[39m

[36m        npx playwright show-trace test-results/test-example-Dummy-Test-Suite-Test-Random-2-api-smoke-retry1/trace.zip[39m

[36m    [2m────────────────────────────────────────────────────────────────────────────────────────────────[22m[39m

[31m  3 failed[39m
[31m    [api:smoke] › test-example.spec.ts:10:3 › Dummy Test Suite › Google Test Fail [2m──────────────────[22m[39m
[31m    [api:smoke] › test-example.spec.ts:16:3 › Dummy Test Suite › Test Random 1 [2m─────────────────────[22m[39m
[31m    [api:smoke] › test-example.spec.ts:20:3 › Dummy Test Suite › Test Random 2 [2m─────────────────────[22m[39m
[33m  1 skipped[39m
[32m  1 passed[39m[2m (4.5s)[22m

To open last HTML report run:
[36m[39m
[36m  npx playwright show-report test_reports/2024-12-30-1-51-33[39m
[36m[39m
Script execution exited with code: 1
Script execution closed with code: 1
Uploading directory: './test_reports/2024-12-30-1-51-33' to S3 bucket doctor-octopus > bucket directory: trading-apps/test_reports/api/2024-12-30-1-51-33
Uploading directory: 'test_reports/2024-12-30-1-51-33/data' to S3 bucket doctor-octopus > bucket directory: trading-apps/test_reports/api/2024-12-30-1-51-33/data
Uploading directory: 'test_reports/2024-12-30-1-51-33/trace' to S3 bucket doctor-octopus > bucket directory: trading-apps/test_reports/api/2024-12-30-1-51-33/trace
Uploading directory: 'test_reports/2024-12-30-1-51-33/trace/assets' to S3 bucket doctor-octopus > bucket directory: trading-apps/test_reports/api/2024-12-30-1-51-33/trace/assets

> playwright@1.0.0 api:smoke
> npm test api:smoke


> playwright@1.0.0 test
> node run.js api:smoke

AWS_BUCKET_NAME: doctor-octopus
Executing command: 'npx playwright test --project=api:smoke'

[2mRunning [22m5[2m tests using [22m1[2m worker[22m

  [32m✓[39m  [2m1 [22m[api:smoke] › test-example.spec.ts:4:3 › Dummy Test Suite › Google Test Pass[2m (557ms)[22m
  [31m✘[39m  [2m2 [22m[31m[api:smoke] › test-example.spec.ts:10:3 › Dummy Test Suite › Google Test Fail[39m[2m (620ms)[22m
  [31m✘[39m  [2m3 [22m[31m[api:smoke] › test-example.spec.ts:10:3 › Dummy Test Suite › Google Test Fail[39m[33m (retry #1)[39m[2m (592ms)[22m
  [31m✘[39m  [2m4 [22m[31m[api:smoke] › test-example.spec.ts:16:3 › Dummy Test Suite › Test Random 1[39m[2m (6ms)[22m
  [31m✘[39m  [2m5 [22m[31m[api:smoke] › test-example.spec.ts:16:3 › Dummy Test Suite › Test Random 1[39m[33m (retry #1)[39m[2m (6ms)[22m
  [31m✘[39m  [2m6 [22m[31m[api:smoke] › test-example.spec.ts:20:3 › Dummy Test Suite › Test Random 2[39m[2m (6ms)[22m
  [32m✓[39m  [2m7 [22m[api:smoke] › test-example.spec.ts:20:3 › Dummy Test Suite › Test Random 2[33m (retry #1)[39m[2m (5ms)[22m
  [32m-[39m  [2m8 [22m[36m[api:smoke] › test-example.spec.ts:24:8 › Dummy Test Suite › Skipped Test[39m


[31m  1) [api:smoke] › test-example.spec.ts:10:3 › Dummy Test Suite › Google Test Fail [2m─────────────────[22m[39m

    Error: [2mexpect([22m[31mreceived[39m[2m).[22mtoBe[2m([22m[32mexpected[39m[2m) // Object.is equality[22m

    Expected: [32m"[7mGoog[27mle"[39m
    Received: [31m"[7mApp[27mle"[39m

    [0m [90m 10 |[39m   test([32m"Google Test Fail"[39m[33m,[39m [36masync[39m ({ page }) [33m=>[39m {
     [90m 11 |[39m     [36mawait[39m page[33m.[39mgoto([32m"https://www.apple.com/"[39m)[33m;[39m
    [31m[1m>[22m[39m[90m 12 |[39m     expect([36mawait[39m page[33m.[39mtitle())[33m.[39mtoBe([32m"Google"[39m)[33m;[39m
     [90m    |[39m                                [31m[1m^[22m[39m
     [90m 13 |[39m   })[33m;[39m
     [90m 14 |[39m
     [90m 15 |[39m   [36mconst[39m numbers [33m=[39m [[35m1[39m[33m,[39m[35m2[39m[33m,[39m[35m3[39m][33m;[39m[0m

    [2m    at /Users/sahil/Dev/Projects/doctor-octopus/playwright/tests/test-example.spec.ts:12:32[22m

[90m    Retry #1 [2m───────────────────────────────────────────────────────────────────────────────────────[22m[39m

    Error: [2mexpect([22m[31mreceived[39m[2m).[22mtoBe[2m([22m[32mexpected[39m[2m) // Object.is equality[22m

    Expected: [32m"[7mGoog[27mle"[39m
    Received: [31m"[7mApp[27mle"[39m

    [0m [90m 10 |[39m   test([32m"Google Test Fail"[39m[33m,[39m [36masync[39m ({ page }) [33m=>[39m {
     [90m 11 |[39m     [36mawait[39m page[33m.[39mgoto([32m"https://www.apple.com/"[39m)[33m;[39m
    [31m[1m>[22m[39m[90m 12 |[39m     expect([36mawait[39m page[33m.[39mtitle())[33m.[39mtoBe([32m"Google"[39m)[33m;[39m
     [90m    |[39m                                [31m[1m^[22m[39m
     [90m 13 |[39m   })[33m;[39m
     [90m 14 |[39m
     [90m 15 |[39m   [36mconst[39m numbers [33m=[39m [[35m1[39m[33m,[39m[35m2[39m[33m,[39m[35m3[39m][33m;[39m[0m

    [2m    at /Users/sahil/Dev/Projects/doctor-octopus/playwright/tests/test-example.spec.ts:12:32[22m

[36m    attachment #1: trace (application/zip) [2m─────────────────────────────────────────────────────────[22m[39m
[36m    test-results/test-example-Dummy-Test-Suite-Google-Test-Fail-api-smoke-retry1/trace.zip[39m
[36m    Usage:[39m

[36m        npx playwright show-trace test-results/test-example-Dummy-Test-Suite-Google-Test-Fail-api-smoke-retry1/trace.zip[39m

[36m    [2m────────────────────────────────────────────────────────────────────────────────────────────────[22m[39m

[31m  2) [api:smoke] › test-example.spec.ts:16:3 › Dummy Test Suite › Test Random 1 [2m────────────────────[22m[39m

    Error: [2mexpect([22m[31mreceived[39m[2m).[22mtoBe[2m([22m[32mexpected[39m[2m) // Object.is equality[22m

    Expected: [32m1[39m
    Received: [31m3[39m

    [0m [90m 15 |[39m   [36mconst[39m numbers [33m=[39m [[35m1[39m[33m,[39m[35m2[39m[33m,[39m[35m3[39m][33m;[39m
     [90m 16 |[39m   test([32m"Test Random 1"[39m[33m,[39m [36masync[39m () [33m=>[39m {
    [31m[1m>[22m[39m[90m 17 |[39m     expect(numbers[[33mMath[39m[33m.[39mfloor([33mMath[39m[33m.[39mrandom() [33m*[39m numbers[33m.[39mlength)])[33m.[39mtoBe([35m1[39m)[33m;[39m
     [90m    |[39m                                                                 [31m[1m^[22m[39m
     [90m 18 |[39m   })
     [90m 19 |[39m
     [90m 20 |[39m   test([32m"Test Random 2"[39m[33m,[39m [36masync[39m () [33m=>[39m {[0m

    [2m    at /Users/sahil/Dev/Projects/doctor-octopus/playwright/tests/test-example.spec.ts:17:65[22m

[90m    Retry #1 [2m───────────────────────────────────────────────────────────────────────────────────────[22m[39m

    Error: [2mexpect([22m[31mreceived[39m[2m).[22mtoBe[2m([22m[32mexpected[39m[2m) // Object.is equality[22m

    Expected: [32m1[39m
    Received: [31m2[39m

    [0m [90m 15 |[39m   [36mconst[39m numbers [33m=[39m [[35m1[39m[33m,[39m[35m2[39m[33m,[39m[35m3[39m][33m;[39m
     [90m 16 |[39m   test([32m"Test Random 1"[39m[33m,[39m [36masync[39m () [33m=>[39m {
    [31m[1m>[22m[39m[90m 17 |[39m     expect(numbers[[33mMath[39m[33m.[39mfloor([33mMath[39m[33m.[39mrandom() [33m*[39m numbers[33m.[39mlength)])[33m.[39mtoBe([35m1[39m)[33m;[39m
     [90m    |[39m                                                                 [31m[1m^[22m[39m
     [90m 18 |[39m   })
     [90m 19 |[39m
     [90m 20 |[39m   test([32m"Test Random 2"[39m[33m,[39m [36masync[39m () [33m=>[39m {[0m

    [2m    at /Users/sahil/Dev/Projects/doctor-octopus/playwright/tests/test-example.spec.ts:17:65[22m

[36m    attachment #1: trace (application/zip) [2m─────────────────────────────────────────────────────────[22m[39m
[36m    test-results/test-example-Dummy-Test-Suite-Test-Random-1-api-smoke-retry1/trace.zip[39m
[36m    Usage:[39m

[36m        npx playwright show-trace test-results/test-example-Dummy-Test-Suite-Test-Random-1-api-smoke-retry1/trace.zip[39m

[36m    [2m────────────────────────────────────────────────────────────────────────────────────────────────[22m[39m

[31m  3) [api:smoke] › test-example.spec.ts:20:3 › Dummy Test Suite › Test Random 2 [2m────────────────────[22m[39m

    Error: [2mexpect([22m[31mreceived[39m[2m).[22mtoBe[2m([22m[32mexpected[39m[2m) // Object.is equality[22m

    Expected: [32m2[39m
    Received: [31m1[39m

    [0m [90m 19 |[39m
     [90m 20 |[39m   test([32m"Test Random 2"[39m[33m,[39m [36masync[39m () [33m=>[39m {
    [31m[1m>[22m[39m[90m 21 |[39m     expect(numbers[[33mMath[39m[33m.[39mfloor([33mMath[39m[33m.[39mrandom() [33m*[39m numbers[33m.[39mlength)])[33m.[39mtoBe([35m2[39m)[33m;[39m
     [90m    |[39m                                                                 [31m[1m^[22m[39m
     [90m 22 |[39m   })[33m;[39m
     [90m 23 |[39m
     [90m 24 |[39m   test[33m.[39mskip([32m"Skipped Test"[39m[33m,[39m [36masync[39m () [33m=>[39m {[0m

    [2m    at /Users/sahil/Dev/Projects/doctor-octopus/playwright/tests/test-example.spec.ts:21:65[22m

[31m  2 failed[39m
[31m    [api:smoke] › test-example.spec.ts:10:3 › Dummy Test Suite › Google Test Fail [2m──────────────────[22m[39m
[31m    [api:smoke] › test-example.spec.ts:16:3 › Dummy Test Suite › Test Random 1 [2m─────────────────────[22m[39m
[33m  1 flaky[39m
[33m    [api:smoke] › test-example.spec.ts:20:3 › Dummy Test Suite › Test Random 2 [2m─────────────────────[22m[39m
[33m  1 skipped[39m
[32m  1 passed[39m[2m (3.8s)[22m

To open last HTML report run:
[36m[39m
[36m  npx playwright show-report test_reports/2024-12-30-1-53-7[39m
[36m[39m
Script execution exited with code: 1
Script execution closed with code: 1
Uploading directory: './test_reports/2024-12-30-1-53-7' to S3 bucket doctor-octopus > bucket directory: trading-apps/test_reports/api/2024-12-30-1-53-7
Uploading directory: 'test_reports/2024-12-30-1-53-7/data' to S3 bucket doctor-octopus > bucket directory: trading-apps/test_reports/api/2024-12-30-1-53-7/data
Uploading directory: 'test_reports/2024-12-30-1-53-7/trace' to S3 bucket doctor-octopus > bucket directory: trading-apps/test_reports/api/2024-12-30-1-53-7/trace
Uploading directory: 'test_reports/2024-12-30-1-53-7/trace/assets' to S3 bucket doctor-octopus > bucket directory: trading-apps/test_reports/api/2024-12-30-1-53-7/trace/assets

> playwright@1.0.0 api:smoke
> npm test api:smoke


> playwright@1.0.0 test
> node run.js api:smoke

AWS_BUCKET_NAME: doctor-octopus
Executing command: 'npx playwright test --project=api:smoke'

[2mRunning [22m5[2m tests using [22m1[2m worker[22m

  [32m✓[39m  [2m1 [22m[api:smoke] › test-example.spec.ts:4:3 › Dummy Test Suite › Google Test Pass[2m (824ms)[22m
  [31m✘[39m  [2m2 [22m[31m[api:smoke] › test-example.spec.ts:10:3 › Dummy Test Suite › Google Test Fail[39m[2m (481ms)[22m
  [31m✘[39m  [2m3 [22m[31m[api:smoke] › test-example.spec.ts:10:3 › Dummy Test Suite › Google Test Fail[39m[33m (retry #1)[39m[2m (571ms)[22m
  [32m✓[39m  [2m4 [22m[api:smoke] › test-example.spec.ts:16:3 › Dummy Test Suite › Test Random 1[2m (6ms)[22m
  [32m✓[39m  [2m5 [22m[api:smoke] › test-example.spec.ts:20:3 › Dummy Test Suite › Test Random 2[2m (1ms)[22m
  [32m-[39m  [2m6 [22m[36m[api:smoke] › test-example.spec.ts:24:8 › Dummy Test Suite › Skipped Test[39m


[31m  1) [api:smoke] › test-example.spec.ts:10:3 › Dummy Test Suite › Google Test Fail [2m─────────────────[22m[39m

    Error: [2mexpect([22m[31mreceived[39m[2m).[22mtoBe[2m([22m[32mexpected[39m[2m) // Object.is equality[22m

    Expected: [32m"[7mGoog[27mle"[39m
    Received: [31m"[7mApp[27mle"[39m

    [0m [90m 10 |[39m   test([32m"Google Test Fail"[39m[33m,[39m [36masync[39m ({ page }) [33m=>[39m {
     [90m 11 |[39m     [36mawait[39m page[33m.[39mgoto([32m"https://www.apple.com/"[39m)[33m;[39m
    [31m[1m>[22m[39m[90m 12 |[39m     expect([36mawait[39m page[33m.[39mtitle())[33m.[39mtoBe([32m"Google"[39m)[33m;[39m
     [90m    |[39m                                [31m[1m^[22m[39m
     [90m 13 |[39m   })[33m;[39m
     [90m 14 |[39m
     [90m 15 |[39m   [36mconst[39m numbers [33m=[39m [[35m1[39m[33m,[39m[35m2[39m[33m,[39m[35m3[39m][33m;[39m[0m

    [2m    at /Users/sahil/Dev/Projects/doctor-octopus/playwright/tests/test-example.spec.ts:12:32[22m

[90m    Retry #1 [2m───────────────────────────────────────────────────────────────────────────────────────[22m[39m

    Error: [2mexpect([22m[31mreceived[39m[2m).[22mtoBe[2m([22m[32mexpected[39m[2m) // Object.is equality[22m

    Expected: [32m"[7mGoog[27mle"[39m
    Received: [31m"[7mApp[27mle"[39m

    [0m [90m 10 |[39m   test([32m"Google Test Fail"[39m[33m,[39m [36masync[39m ({ page }) [33m=>[39m {
     [90m 11 |[39m     [36mawait[39m page[33m.[39mgoto([32m"https://www.apple.com/"[39m)[33m;[39m
    [31m[1m>[22m[39m[90m 12 |[39m     expect([36mawait[39m page[33m.[39mtitle())[33m.[39mtoBe([32m"Google"[39m)[33m;[39m
     [90m    |[39m                                [31m[1m^[22m[39m
     [90m 13 |[39m   })[33m;[39m
     [90m 14 |[39m
     [90m 15 |[39m   [36mconst[39m numbers [33m=[39m [[35m1[39m[33m,[39m[35m2[39m[33m,[39m[35m3[39m][33m;[39m[0m

    [2m    at /Users/sahil/Dev/Projects/doctor-octopus/playwright/tests/test-example.spec.ts:12:32[22m

[36m    attachment #1: trace (application/zip) [2m─────────────────────────────────────────────────────────[22m[39m
[36m    test-results/test-example-Dummy-Test-Suite-Google-Test-Fail-api-smoke-retry1/trace.zip[39m
[36m    Usage:[39m

[36m        npx playwright show-trace test-results/test-example-Dummy-Test-Suite-Google-Test-Fail-api-smoke-retry1/trace.zip[39m

[36m    [2m────────────────────────────────────────────────────────────────────────────────────────────────[22m[39m

[31m  1 failed[39m
[31m    [api:smoke] › test-example.spec.ts:10:3 › Dummy Test Suite › Google Test Fail [2m──────────────────[22m[39m
[33m  1 skipped[39m
[32m  3 passed[39m[2m (3.2s)[22m

To open last HTML report run:
[36m[39m
[36m  npx playwright show-report test_reports/2024-12-30-1-53-47[39m
[36m[39m
Script execution exited with code: 1
Script execution closed with code: 1
Uploading directory: './test_reports/2024-12-30-1-53-47' to S3 bucket doctor-octopus > bucket directory: trading-apps/test_reports/api/2024-12-30-1-53-47
Uploading directory: 'test_reports/2024-12-30-1-53-47/data' to S3 bucket doctor-octopus > bucket directory: trading-apps/test_reports/api/2024-12-30-1-53-47/data
Uploading directory: 'test_reports/2024-12-30-1-53-47/trace' to S3 bucket doctor-octopus > bucket directory: trading-apps/test_reports/api/2024-12-30-1-53-47/trace
Uploading directory: 'test_reports/2024-12-30-1-53-47/trace/assets' to S3 bucket doctor-octopus > bucket directory: trading-apps/test_reports/api/2024-12-30-1-53-47/trace/assets

> playwright@1.0.0 api:smoke
> npm test api:smoke


> playwright@1.0.0 test
> node run.js api:smoke

AWS_BUCKET_NAME: doctor-octopus
Executing command: 'npx playwright test --project=api:smoke'

[2mRunning [22m5[2m tests using [22m1[2m worker[22m

  [32m✓[39m  [2m1 [22m[api:smoke] › test-example.spec.ts:4:3 › Dummy Test Suite › Google Test Pass[2m (586ms)[22m
  [31m✘[39m  [2m2 [22m[31m[api:smoke] › test-example.spec.ts:10:3 › Dummy Test Suite › Google Test Fail[39m[2m (401ms)[22m
  [31m✘[39m  [2m3 [22m[31m[api:smoke] › test-example.spec.ts:10:3 › Dummy Test Suite › Google Test Fail[39m[33m (retry #1)[39m[2m (543ms)[22m
  [32m✓[39m  [2m4 [22m[api:smoke] › test-example.spec.ts:16:3 › Dummy Test Suite › Test Random 1[2m (4ms)[22m
  [31m✘[39m  [2m5 [22m[31m[api:smoke] › test-example.spec.ts:20:3 › Dummy Test Suite › Test Random 2[39m[2m (2ms)[22m
  [31m✘[39m  [2m6 [22m[31m[api:smoke] › test-example.spec.ts:20:3 › Dummy Test Suite › Test Random 2[39m[33m (retry #1)[39m[2m (5ms)[22m
  [32m-[39m  [2m7 [22m[36m[api:smoke] › test-example.spec.ts:24:8 › Dummy Test Suite › Skipped Test[39m


[31m  1) [api:smoke] › test-example.spec.ts:10:3 › Dummy Test Suite › Google Test Fail [2m─────────────────[22m[39m

    Error: [2mexpect([22m[31mreceived[39m[2m).[22mtoBe[2m([22m[32mexpected[39m[2m) // Object.is equality[22m

    Expected: [32m"[7mGoog[27mle"[39m
    Received: [31m"[7mApp[27mle"[39m

    [0m [90m 10 |[39m   test([32m"Google Test Fail"[39m[33m,[39m [36masync[39m ({ page }) [33m=>[39m {
     [90m 11 |[39m     [36mawait[39m page[33m.[39mgoto([32m"https://www.apple.com/"[39m)[33m;[39m
    [31m[1m>[22m[39m[90m 12 |[39m     expect([36mawait[39m page[33m.[39mtitle())[33m.[39mtoBe([32m"Google"[39m)[33m;[39m
     [90m    |[39m                                [31m[1m^[22m[39m
     [90m 13 |[39m   })[33m;[39m
     [90m 14 |[39m
     [90m 15 |[39m   [36mconst[39m numbers [33m=[39m [[35m1[39m[33m,[39m[35m2[39m[33m,[39m[35m3[39m][33m;[39m[0m

    [2m    at /Users/sahil/Dev/Projects/doctor-octopus/playwright/tests/test-example.spec.ts:12:32[22m

[90m    Retry #1 [2m───────────────────────────────────────────────────────────────────────────────────────[22m[39m

    Error: [2mexpect([22m[31mreceived[39m[2m).[22mtoBe[2m([22m[32mexpected[39m[2m) // Object.is equality[22m

    Expected: [32m"[7mGoog[27mle"[39m
    Received: [31m"[7mApp[27mle"[39m

    [0m [90m 10 |[39m   test([32m"Google Test Fail"[39m[33m,[39m [36masync[39m ({ page }) [33m=>[39m {
     [90m 11 |[39m     [36mawait[39m page[33m.[39mgoto([32m"https://www.apple.com/"[39m)[33m;[39m
    [31m[1m>[22m[39m[90m 12 |[39m     expect([36mawait[39m page[33m.[39mtitle())[33m.[39mtoBe([32m"Google"[39m)[33m;[39m
     [90m    |[39m                                [31m[1m^[22m[39m
     [90m 13 |[39m   })[33m;[39m
     [90m 14 |[39m
     [90m 15 |[39m   [36mconst[39m numbers [33m=[39m [[35m1[39m[33m,[39m[35m2[39m[33m,[39m[35m3[39m][33m;[39m[0m

    [2m    at /Users/sahil/Dev/Projects/doctor-octopus/playwright/tests/test-example.spec.ts:12:32[22m

[36m    attachment #1: trace (application/zip) [2m─────────────────────────────────────────────────────────[22m[39m
[36m    test-results/test-example-Dummy-Test-Suite-Google-Test-Fail-api-smoke-retry1/trace.zip[39m
[36m    Usage:[39m

[36m        npx playwright show-trace test-results/test-example-Dummy-Test-Suite-Google-Test-Fail-api-smoke-retry1/trace.zip[39m

[36m    [2m────────────────────────────────────────────────────────────────────────────────────────────────[22m[39m

[31m  2) [api:smoke] › test-example.spec.ts:20:3 › Dummy Test Suite › Test Random 2 [2m────────────────────[22m[39m

    Error: [2mexpect([22m[31mreceived[39m[2m).[22mtoBe[2m([22m[32mexpected[39m[2m) // Object.is equality[22m

    Expected: [32m2[39m
    Received: [31m3[39m

    [0m [90m 19 |[39m
     [90m 20 |[39m   test([32m"Test Random 2"[39m[33m,[39m [36masync[39m () [33m=>[39m {
    [31m[1m>[22m[39m[90m 21 |[39m     expect(numbers[[33mMath[39m[33m.[39mfloor([33mMath[39m[33m.[39mrandom() [33m*[39m numbers[33m.[39mlength)])[33m.[39mtoBe([35m2[39m)[33m;[39m
     [90m    |[39m                                                                 [31m[1m^[22m[39m
     [90m 22 |[39m   })[33m;[39m
     [90m 23 |[39m
     [90m 24 |[39m   test[33m.[39mskip([32m"Skipped Test"[39m[33m,[39m [36masync[39m () [33m=>[39m {[0m

    [2m    at /Users/sahil/Dev/Projects/doctor-octopus/playwright/tests/test-example.spec.ts:21:65[22m

[90m    Retry #1 [2m───────────────────────────────────────────────────────────────────────────────────────[22m[39m

    Error: [2mexpect([22m[31mreceived[39m[2m).[22mtoBe[2m([22m[32mexpected[39m[2m) // Object.is equality[22m

    Expected: [32m2[39m
    Received: [31m1[39m

    [0m [90m 19 |[39m
     [90m 20 |[39m   test([32m"Test Random 2"[39m[33m,[39m [36masync[39m () [33m=>[39m {
    [31m[1m>[22m[39m[90m 21 |[39m     expect(numbers[[33mMath[39m[33m.[39mfloor([33mMath[39m[33m.[39mrandom() [33m*[39m numbers[33m.[39mlength)])[33m.[39mtoBe([35m2[39m)[33m;[39m
     [90m    |[39m                                                                 [31m[1m^[22m[39m
     [90m 22 |[39m   })[33m;[39m
     [90m 23 |[39m
     [90m 24 |[39m   test[33m.[39mskip([32m"Skipped Test"[39m[33m,[39m [36masync[39m () [33m=>[39m {[0m

    [2m    at /Users/sahil/Dev/Projects/doctor-octopus/playwright/tests/test-example.spec.ts:21:65[22m

[36m    attachment #1: trace (application/zip) [2m─────────────────────────────────────────────────────────[22m[39m
[36m    test-results/test-example-Dummy-Test-Suite-Test-Random-2-api-smoke-retry1/trace.zip[39m
[36m    Usage:[39m

[36m        npx playwright show-trace test-results/test-example-Dummy-Test-Suite-Test-Random-2-api-smoke-retry1/trace.zip[39m

[36m    [2m────────────────────────────────────────────────────────────────────────────────────────────────[22m[39m

[31m  2 failed[39m
[31m    [api:smoke] › test-example.spec.ts:10:3 › Dummy Test Suite › Google Test Fail [2m──────────────────[22m[39m
[31m    [api:smoke] › test-example.spec.ts:20:3 › Dummy Test Suite › Test Random 2 [2m─────────────────────[22m[39m
[33m  1 skipped[39m
[32m  2 passed[39m[2m (2.8s)[22m

To open last HTML report run:
[36m[39m
[36m  npx playwright show-report test_reports/2024-12-30-1-56-10[39m
[36m[39m
Script execution exited with code: 1
Script execution closed with code: 1
Uploading directory: './test_reports/2024-12-30-1-56-10' to S3 bucket doctor-octopus > bucket directory: trading-apps/test_reports/api/2024-12-30-1-56-10
Uploading directory: 'test_reports/2024-12-30-1-56-10/data' to S3 bucket doctor-octopus > bucket directory: trading-apps/test_reports/api/2024-12-30-1-56-10/data
Uploading directory: 'test_reports/2024-12-30-1-56-10/trace' to S3 bucket doctor-octopus > bucket directory: trading-apps/test_reports/api/2024-12-30-1-56-10/trace
Uploading directory: 'test_reports/2024-12-30-1-56-10/trace/assets' to S3 bucket doctor-octopus > bucket directory: trading-apps/test_reports/api/2024-12-30-1-56-10/trace/assets

> playwright@1.0.0 api:smoke
> npm test api:smoke


> playwright@1.0.0 test
> node run.js api:smoke

AWS_BUCKET_NAME: doctor-octopus
Executing command: 'npx playwright test --project=api:smoke'

[2mRunning [22m5[2m tests using [22m1[2m worker[22m

  [32m✓[39m  [2m1 [22m[api:smoke] › test-example.spec.ts:4:3 › Dummy Test Suite › Google Test Pass[2m (1.9s)[22m
  [31m✘[39m  [2m2 [22m[31m[api:smoke] › test-example.spec.ts:10:3 › Dummy Test Suite › Google Test Fail[39m[2m (579ms)[22m
  [31m✘[39m  [2m3 [22m[31m[api:smoke] › test-example.spec.ts:10:3 › Dummy Test Suite › Google Test Fail[39m[33m (retry #1)[39m[2m (634ms)[22m
  [32m✓[39m  [2m4 [22m[api:smoke] › test-example.spec.ts:16:3 › Dummy Test Suite › Test Random 1[2m (5ms)[22m
  [31m✘[39m  [2m5 [22m[31m[api:smoke] › test-example.spec.ts:20:3 › Dummy Test Suite › Test Random 2[39m[2m (2ms)[22m
  [32m✓[39m  [2m6 [22m[api:smoke] › test-example.spec.ts:20:3 › Dummy Test Suite › Test Random 2[33m (retry #1)[39m[2m (5ms)[22m
  [32m-[39m  [2m7 [22m[36m[api:smoke] › test-example.spec.ts:24:8 › Dummy Test Suite › Skipped Test[39m


[31m  1) [api:smoke] › test-example.spec.ts:10:3 › Dummy Test Suite › Google Test Fail [2m─────────────────[22m[39m

    Error: [2mexpect([22m[31mreceived[39m[2m).[22mtoBe[2m([22m[32mexpected[39m[2m) // Object.is equality[22m

    Expected: [32m"[7mGoog[27mle"[39m
    Received: [31m"[7mApp[27mle"[39m

    [0m [90m 10 |[39m   test([32m"Google Test Fail"[39m[33m,[39m [36masync[39m ({ page }) [33m=>[39m {
     [90m 11 |[39m     [36mawait[39m page[33m.[39mgoto([32m"https://www.apple.com/"[39m)[33m;[39m
    [31m[1m>[22m[39m[90m 12 |[39m     expect([36mawait[39m page[33m.[39mtitle())[33m.[39mtoBe([32m"Google"[39m)[33m;[39m
     [90m    |[39m                                [31m[1m^[22m[39m
     [90m 13 |[39m   })[33m;[39m
     [90m 14 |[39m
     [90m 15 |[39m   [36mconst[39m numbers [33m=[39m [[35m1[39m[33m,[39m[35m2[39m[33m,[39m[35m3[39m][33m;[39m[0m

    [2m    at /Users/sahil/Dev/Projects/doctor-octopus/playwright/tests/test-example.spec.ts:12:32[22m

[90m    Retry #1 [2m───────────────────────────────────────────────────────────────────────────────────────[22m[39m

    Error: [2mexpect([22m[31mreceived[39m[2m).[22mtoBe[2m([22m[32mexpected[39m[2m) // Object.is equality[22m

    Expected: [32m"[7mGoog[27mle"[39m
    Received: [31m"[7mApp[27mle"[39m

    [0m [90m 10 |[39m   test([32m"Google Test Fail"[39m[33m,[39m [36masync[39m ({ page }) [33m=>[39m {
     [90m 11 |[39m     [36mawait[39m page[33m.[39mgoto([32m"https://www.apple.com/"[39m)[33m;[39m
    [31m[1m>[22m[39m[90m 12 |[39m     expect([36mawait[39m page[33m.[39mtitle())[33m.[39mtoBe([32m"Google"[39m)[33m;[39m
     [90m    |[39m                                [31m[1m^[22m[39m
     [90m 13 |[39m   })[33m;[39m
     [90m 14 |[39m
     [90m 15 |[39m   [36mconst[39m numbers [33m=[39m [[35m1[39m[33m,[39m[35m2[39m[33m,[39m[35m3[39m][33m;[39m[0m

    [2m    at /Users/sahil/Dev/Projects/doctor-octopus/playwright/tests/test-example.spec.ts:12:32[22m

[36m    attachment #1: trace (application/zip) [2m─────────────────────────────────────────────────────────[22m[39m
[36m    test-results/test-example-Dummy-Test-Suite-Google-Test-Fail-api-smoke-retry1/trace.zip[39m
[36m    Usage:[39m

[36m        npx playwright show-trace test-results/test-example-Dummy-Test-Suite-Google-Test-Fail-api-smoke-retry1/trace.zip[39m

[36m    [2m────────────────────────────────────────────────────────────────────────────────────────────────[22m[39m

[31m  2) [api:smoke] › test-example.spec.ts:20:3 › Dummy Test Suite › Test Random 2 [2m────────────────────[22m[39m

    Error: [2mexpect([22m[31mreceived[39m[2m).[22mtoBe[2m([22m[32mexpected[39m[2m) // Object.is equality[22m

    Expected: [32m2[39m
    Received: [31m3[39m

    [0m [90m 19 |[39m
     [90m 20 |[39m   test([32m"Test Random 2"[39m[33m,[39m [36masync[39m () [33m=>[39m {
    [31m[1m>[22m[39m[90m 21 |[39m     expect(numbers[[33mMath[39m[33m.[39mfloor([33mMath[39m[33m.[39mrandom() [33m*[39m numbers[33m.[39mlength)])[33m.[39mtoBe([35m2[39m)[33m;[39m
     [90m    |[39m                                                                 [31m[1m^[22m[39m
     [90m 22 |[39m   })[33m;[39m
     [90m 23 |[39m
     [90m 24 |[39m   test[33m.[39mskip([32m"Skipped Test"[39m[33m,[39m [36masync[39m () [33m=>[39m {[0m

    [2m    at /Users/sahil/Dev/Projects/doctor-octopus/playwright/tests/test-example.spec.ts:21:65[22m

[31m  1 failed[39m
[31m    [api:smoke] › test-example.spec.ts:10:3 › Dummy Test Suite › Google Test Fail [2m──────────────────[22m[39m
[33m  1 flaky[39m
[33m    [api:smoke] › test-example.spec.ts:20:3 › Dummy Test Suite › Test Random 2 [2m─────────────────────[22m[39m
[33m  1 skipped[39m
[32m  2 passed[39m[2m (4.7s)[22m

To open last HTML report run:
[36m[39m
[36m  npx playwright show-report test_reports/2024-12-30-2-1-19[39m
[36m[39m
Script execution exited with code: 1
Script execution closed with code: 1
Uploading directory: './test_reports/2024-12-30-2-1-19' to S3 bucket doctor-octopus > bucket directory: trading-apps/test_reports/api/2024-12-30-2-1-19
Uploading directory: 'test_reports/2024-12-30-2-1-19/data' to S3 bucket doctor-octopus > bucket directory: trading-apps/test_reports/api/2024-12-30-2-1-19/data
Uploading directory: 'test_reports/2024-12-30-2-1-19/trace' to S3 bucket doctor-octopus > bucket directory: trading-apps/test_reports/api/2024-12-30-2-1-19/trace
Uploading directory: 'test_reports/2024-12-30-2-1-19/trace/assets' to S3 bucket doctor-octopus > bucket directory: trading-apps/test_reports/api/2024-12-30-2-1-19/trace/assets

> playwright@1.0.0 api:smoke
> npm test api:smoke


> playwright@1.0.0 test
> node run.js api:smoke

AWS_BUCKET_NAME: doctor-octopus
Executing command: 'npx playwright test --project=api:smoke'

[2mRunning [22m5[2m tests using [22m1[2m worker[22m

  [32m✓[39m  [2m1 [22m[api:smoke] › test-example.spec.ts:4:3 › Dummy Test Suite › Google Test Pass[2m (611ms)[22m
  [31m✘[39m  [2m2 [22m[31m[api:smoke] › test-example.spec.ts:10:3 › Dummy Test Suite › Google Test Fail[39m[2m (496ms)[22m
  [31m✘[39m  [2m3 [22m[31m[api:smoke] › test-example.spec.ts:10:3 › Dummy Test Suite › Google Test Fail[39m[33m (retry #1)[39m[2m (558ms)[22m
  [31m✘[39m  [2m4 [22m[31m[api:smoke] › test-example.spec.ts:16:3 › Dummy Test Suite › Test Random 1[39m[2m (6ms)[22m
  [31m✘[39m  [2m5 [22m[31m[api:smoke] › test-example.spec.ts:16:3 › Dummy Test Suite › Test Random 1[39m[33m (retry #1)[39m[2m (6ms)[22m
  [32m✓[39m  [2m6 [22m[api:smoke] › test-example.spec.ts:20:3 › Dummy Test Suite › Test Random 2[2m (6ms)[22m
  [32m-[39m  [2m7 [22m[36m[api:smoke] › test-example.spec.ts:24:8 › Dummy Test Suite › Skipped Test[39m


[31m  1) [api:smoke] › test-example.spec.ts:10:3 › Dummy Test Suite › Google Test Fail [2m─────────────────[22m[39m

    Error: [2mexpect([22m[31mreceived[39m[2m).[22mtoBe[2m([22m[32mexpected[39m[2m) // Object.is equality[22m

    Expected: [32m"[7mGoog[27mle"[39m
    Received: [31m"[7mApp[27mle"[39m

    [0m [90m 10 |[39m   test([32m"Google Test Fail"[39m[33m,[39m [36masync[39m ({ page }) [33m=>[39m {
     [90m 11 |[39m     [36mawait[39m page[33m.[39mgoto([32m"https://www.apple.com/"[39m)[33m;[39m
    [31m[1m>[22m[39m[90m 12 |[39m     expect([36mawait[39m page[33m.[39mtitle())[33m.[39mtoBe([32m"Google"[39m)[33m;[39m
     [90m    |[39m                                [31m[1m^[22m[39m
     [90m 13 |[39m   })[33m;[39m
     [90m 14 |[39m
     [90m 15 |[39m   [36mconst[39m numbers [33m=[39m [[35m1[39m[33m,[39m[35m2[39m[33m,[39m[35m3[39m][33m;[39m[0m

    [2m    at /Users/sahil/Dev/Projects/doctor-octopus/playwright/tests/test-example.spec.ts:12:32[22m

[90m    Retry #1 [2m───────────────────────────────────────────────────────────────────────────────────────[22m[39m

    Error: [2mexpect([22m[31mreceived[39m[2m).[22mtoBe[2m([22m[32mexpected[39m[2m) // Object.is equality[22m

    Expected: [32m"[7mGoog[27mle"[39m
    Received: [31m"[7mApp[27mle"[39m

    [0m [90m 10 |[39m   test([32m"Google Test Fail"[39m[33m,[39m [36masync[39m ({ page }) [33m=>[39m {
     [90m 11 |[39m     [36mawait[39m page[33m.[39mgoto([32m"https://www.apple.com/"[39m)[33m;[39m
    [31m[1m>[22m[39m[90m 12 |[39m     expect([36mawait[39m page[33m.[39mtitle())[33m.[39mtoBe([32m"Google"[39m)[33m;[39m
     [90m    |[39m                                [31m[1m^[22m[39m
     [90m 13 |[39m   })[33m;[39m
     [90m 14 |[39m
     [90m 15 |[39m   [36mconst[39m numbers [33m=[39m [[35m1[39m[33m,[39m[35m2[39m[33m,[39m[35m3[39m][33m;[39m[0m

    [2m    at /Users/sahil/Dev/Projects/doctor-octopus/playwright/tests/test-example.spec.ts:12:32[22m

[36m    attachment #1: trace (application/zip) [2m─────────────────────────────────────────────────────────[22m[39m
[36m    test-results/test-example-Dummy-Test-Suite-Google-Test-Fail-api-smoke-retry1/trace.zip[39m
[36m    Usage:[39m

[36m        npx playwright show-trace test-results/test-example-Dummy-Test-Suite-Google-Test-Fail-api-smoke-retry1/trace.zip[39m

[36m    [2m────────────────────────────────────────────────────────────────────────────────────────────────[22m[39m

[31m  2) [api:smoke] › test-example.spec.ts:16:3 › Dummy Test Suite › Test Random 1 [2m────────────────────[22m[39m

    Error: [2mexpect([22m[31mreceived[39m[2m).[22mtoBe[2m([22m[32mexpected[39m[2m) // Object.is equality[22m

    Expected: [32m1[39m
    Received: [31m3[39m

    [0m [90m 15 |[39m   [36mconst[39m numbers [33m=[39m [[35m1[39m[33m,[39m[35m2[39m[33m,[39m[35m3[39m][33m;[39m
     [90m 16 |[39m   test([32m"Test Random 1"[39m[33m,[39m [36masync[39m () [33m=>[39m {
    [31m[1m>[22m[39m[90m 17 |[39m     expect(numbers[[33mMath[39m[33m.[39mfloor([33mMath[39m[33m.[39mrandom() [33m*[39m numbers[33m.[39mlength)])[33m.[39mtoBe([35m1[39m)[33m;[39m
     [90m    |[39m                                                                 [31m[1m^[22m[39m
     [90m 18 |[39m   })
     [90m 19 |[39m
     [90m 20 |[39m   test([32m"Test Random 2"[39m[33m,[39m [36masync[39m () [33m=>[39m {[0m

    [2m    at /Users/sahil/Dev/Projects/doctor-octopus/playwright/tests/test-example.spec.ts:17:65[22m

[90m    Retry #1 [2m───────────────────────────────────────────────────────────────────────────────────────[22m[39m

    Error: [2mexpect([22m[31mreceived[39m[2m).[22mtoBe[2m([22m[32mexpected[39m[2m) // Object.is equality[22m

    Expected: [32m1[39m
    Received: [31m2[39m

    [0m [90m 15 |[39m   [36mconst[39m numbers [33m=[39m [[35m1[39m[33m,[39m[35m2[39m[33m,[39m[35m3[39m][33m;[39m
     [90m 16 |[39m   test([32m"Test Random 1"[39m[33m,[39m [36masync[39m () [33m=>[39m {
    [31m[1m>[22m[39m[90m 17 |[39m     expect(numbers[[33mMath[39m[33m.[39mfloor([33mMath[39m[33m.[39mrandom() [33m*[39m numbers[33m.[39mlength)])[33m.[39mtoBe([35m1[39m)[33m;[39m
     [90m    |[39m                                                                 [31m[1m^[22m[39m
     [90m 18 |[39m   })
     [90m 19 |[39m
     [90m 20 |[39m   test([32m"Test Random 2"[39m[33m,[39m [36masync[39m () [33m=>[39m {[0m

    [2m    at /Users/sahil/Dev/Projects/doctor-octopus/playwright/tests/test-example.spec.ts:17:65[22m

[36m    attachment #1: trace (application/zip) [2m─────────────────────────────────────────────────────────[22m[39m
[36m    test-results/test-example-Dummy-Test-Suite-Test-Random-1-api-smoke-retry1/trace.zip[39m
[36m    Usage:[39m

[36m        npx playwright show-trace test-results/test-example-Dummy-Test-Suite-Test-Random-1-api-smoke-retry1/trace.zip[39m

[36m    [2m────────────────────────────────────────────────────────────────────────────────────────────────[22m[39m

[31m  2 failed[39m
[31m    [api:smoke] › test-example.spec.ts:10:3 › Dummy Test Suite › Google Test Fail [2m──────────────────[22m[39m
[31m    [api:smoke] › test-example.spec.ts:16:3 › Dummy Test Suite › Test Random 1 [2m─────────────────────[22m[39m
[33m  1 skipped[39m
[32m  2 passed[39m[2m (3.4s)[22m

To open last HTML report run:
[36m[39m
[36m  npx playwright show-report test_reports/2024-12-30-2-14-20[39m
[36m[39m
Script execution exited with code: 1
Script execution closed with code: 1
Uploading directory: './test_reports/2024-12-30-2-14-20' to S3 bucket doctor-octopus > bucket directory: trading-apps/test_reports/api/2024-12-30-2-14-20
Uploading directory: 'test_reports/2024-12-30-2-14-20/data' to S3 bucket doctor-octopus > bucket directory: trading-apps/test_reports/api/2024-12-30-2-14-20/data
Uploading directory: 'test_reports/2024-12-30-2-14-20/trace' to S3 bucket doctor-octopus > bucket directory: trading-apps/test_reports/api/2024-12-30-2-14-20/trace
Uploading directory: 'test_reports/2024-12-30-2-14-20/trace/assets' to S3 bucket doctor-octopus > bucket directory: trading-apps/test_reports/api/2024-12-30-2-14-20/trace/assets
